<?xml version="1.0" encoding="UTF-8"?>
<!-- Generated by org.testng.reporters.JUnitReportReporter -->
<testsuite hostname="RIL1506C9LB152s" name="example.NewTest" tests="2" failures="0" timestamp="7 Mar 2019 09:17:50 GMT" time="22.045" errors="0">
  <testcase name="verifyLoginPage" time="14.418" classname="example.NewTest"/>
  <testcase name="verifyHomePageTitle" time="7.627" classname="example.NewTest"/>
</testsuite> <!-- example.NewTest -->
