<?xml version="1.0" encoding="UTF-8"?>
<!-- Generated by org.testng.reporters.JUnitReportReporter -->
<testsuite hostname="RIL1506C9LB152s" name="example.NewTest" tests="2" failures="0" timestamp="7 Mar 2019 07:08:59 GMT" time="28.506" errors="0">
  <testcase name="verifyLoginPage" time="6.480" classname="example.NewTest"/>
  <testcase name="verifyHomePageTitle" time="22.026" classname="example.NewTest"/>
</testsuite> <!-- example.NewTest -->
